2026/04/22 13:12:59 [notice] 1#1: using the "epoll" event method
2026/04/22 13:12:59 [notice] 1#1: nginx/1.25.5
2026/04/22 13:12:59 [notice] 1#1: built by gcc 13.2.1 20231014 (Alpine 13.2.1_git20231014) 
2026/04/22 13:12:59 [notice] 1#1: OS: Linux 5.15.0-176-generic
2026/04/22 13:12:59 [notice] 1#1: getrlimit(RLIMIT_NOFILE): 1024:524288
2026/04/22 13:12:59 [notice] 1#1: start worker processes
2026/04/22 13:12:59 [notice] 1#1: start worker process 28
2026/04/22 13:21:43 [notice] 1#1: signal 3 (SIGQUIT) received, shutting down
2026/04/22 13:21:43 [notice] 28#28: gracefully shutting down
2026/04/22 13:21:43 [notice] 28#28: exiting
2026/04/22 13:21:43 [notice] 28#28: exit
2026/04/22 13:21:43 [notice] 1#1: signal 17 (SIGCHLD) received from 28
2026/04/22 13:21:43 [notice] 1#1: worker process 28 exited with code 0
2026/04/22 13:21:43 [notice] 1#1: exit
2026/04/22 13:21:46 [notice] 1#1: using the "epoll" event method
2026/04/22 13:21:46 [notice] 1#1: nginx/1.25.5
2026/04/22 13:21:46 [notice] 1#1: built by gcc 13.2.1 20231014 (Alpine 13.2.1_git20231014) 
2026/04/22 13:21:46 [notice] 1#1: OS: Linux 5.15.0-176-generic
2026/04/22 13:21:46 [notice] 1#1: getrlimit(RLIMIT_NOFILE): 1024:524288
2026/04/22 13:21:46 [notice] 1#1: start worker processes
2026/04/22 13:21:46 [notice] 1#1: start worker process 29
2026/04/22 13:21:58 [notice] 1#1: using the "epoll" event method
2026/04/22 13:21:58 [notice] 1#1: nginx/1.25.5
2026/04/22 13:21:58 [notice] 1#1: built by gcc 13.2.1 20231014 (Alpine 13.2.1_git20231014) 
2026/04/22 13:21:58 [notice] 1#1: OS: Linux 5.15.0-176-generic
2026/04/22 13:21:58 [notice] 1#1: getrlimit(RLIMIT_NOFILE): 1024:524288
2026/04/22 13:21:58 [notice] 1#1: start worker processes
2026/04/22 13:21:58 [notice] 1#1: start worker process 29
2026/04/22 13:30:54 [notice] 1#1: signal 3 (SIGQUIT) received, shutting down
2026/04/22 13:30:54 [notice] 29#29: gracefully shutting down
2026/04/22 13:30:54 [notice] 29#29: exiting
2026/04/22 13:30:54 [notice] 29#29: exit
2026/04/22 13:30:54 [notice] 1#1: signal 17 (SIGCHLD) received from 29
2026/04/22 13:30:54 [notice] 1#1: worker process 29 exited with code 0
2026/04/22 13:30:54 [notice] 1#1: exit
2026/04/22 13:30:56 [notice] 1#1: using the "epoll" event method
2026/04/22 13:30:56 [notice] 1#1: nginx/1.25.5
2026/04/22 13:30:56 [notice] 1#1: built by gcc 13.2.1 20231014 (Alpine 13.2.1_git20231014) 
2026/04/22 13:30:56 [notice] 1#1: OS: Linux 5.15.0-176-generic
2026/04/22 13:30:56 [notice] 1#1: getrlimit(RLIMIT_NOFILE): 1024:524288
2026/04/22 13:30:56 [notice] 1#1: start worker processes
2026/04/22 13:30:56 [notice] 1#1: start worker process 28
2026/04/22 13:38:52 [notice] 1#1: signal 3 (SIGQUIT) received, shutting down
2026/04/22 13:38:52 [notice] 28#28: gracefully shutting down
2026/04/22 13:38:52 [notice] 28#28: exiting
2026/04/22 13:38:52 [notice] 28#28: exit
2026/04/22 13:38:52 [notice] 1#1: signal 17 (SIGCHLD) received from 28
2026/04/22 13:38:52 [notice] 1#1: worker process 28 exited with code 0
2026/04/22 13:38:52 [notice] 1#1: exit
2026/04/22 13:38:54 [notice] 1#1: using the "epoll" event method
2026/04/22 13:38:54 [notice] 1#1: nginx/1.25.5
2026/04/22 13:38:54 [notice] 1#1: built by gcc 13.2.1 20231014 (Alpine 13.2.1_git20231014) 
2026/04/22 13:38:54 [notice] 1#1: OS: Linux 5.15.0-176-generic
2026/04/22 13:38:54 [notice] 1#1: getrlimit(RLIMIT_NOFILE): 1024:524288
2026/04/22 13:38:54 [notice] 1#1: start worker processes
2026/04/22 13:38:54 [notice] 1#1: start worker process 29
2026/04/22 13:39:15 [notice] 1#1: signal 3 (SIGQUIT) received, shutting down
2026/04/22 13:39:15 [notice] 29#29: gracefully shutting down
2026/04/22 13:39:15 [notice] 29#29: exiting
2026/04/22 13:39:15 [notice] 29#29: exit
2026/04/22 13:39:15 [notice] 1#1: signal 17 (SIGCHLD) received from 29
2026/04/22 13:39:15 [notice] 1#1: worker process 29 exited with code 0
2026/04/22 13:39:15 [notice] 1#1: exit
2026/04/22 13:39:16 [notice] 1#1: using the "epoll" event method
2026/04/22 13:39:16 [notice] 1#1: nginx/1.25.5
2026/04/22 13:39:16 [notice] 1#1: built by gcc 13.2.1 20231014 (Alpine 13.2.1_git20231014) 
2026/04/22 13:39:16 [notice] 1#1: OS: Linux 5.15.0-176-generic
2026/04/22 13:39:16 [notice] 1#1: getrlimit(RLIMIT_NOFILE): 1024:524288
2026/04/22 13:39:16 [notice] 1#1: start worker processes
2026/04/22 13:39:16 [notice] 1#1: start worker process 29
2026/04/22 13:40:15 [notice] 1#1: signal 3 (SIGQUIT) received, shutting down
2026/04/22 13:40:15 [notice] 29#29: gracefully shutting down
2026/04/22 13:40:15 [notice] 29#29: exiting
2026/04/22 13:40:15 [notice] 29#29: exit
2026/04/22 13:40:15 [notice] 1#1: signal 17 (SIGCHLD) received from 29
2026/04/22 13:40:15 [notice] 1#1: worker process 29 exited with code 0
2026/04/22 13:40:15 [notice] 1#1: exit
2026/04/22 13:40:18 [notice] 1#1: using the "epoll" event method
2026/04/22 13:40:18 [notice] 1#1: nginx/1.25.5
2026/04/22 13:40:18 [notice] 1#1: built by gcc 13.2.1 20231014 (Alpine 13.2.1_git20231014) 
2026/04/22 13:40:18 [notice] 1#1: OS: Linux 5.15.0-176-generic
2026/04/22 13:40:18 [notice] 1#1: getrlimit(RLIMIT_NOFILE): 1024:524288
2026/04/22 13:40:18 [notice] 1#1: start worker processes
2026/04/22 13:40:18 [notice] 1#1: start worker process 29
2026/04/22 13:40:36 [notice] 1#1: signal 3 (SIGQUIT) received, shutting down
2026/04/22 13:40:36 [notice] 29#29: gracefully shutting down
2026/04/22 13:40:36 [notice] 29#29: exiting
2026/04/22 13:40:36 [notice] 29#29: exit
2026/04/22 13:40:36 [notice] 1#1: signal 17 (SIGCHLD) received from 29
2026/04/22 13:40:36 [notice] 1#1: worker process 29 exited with code 0
2026/04/22 13:40:36 [notice] 1#1: exit
2026/04/22 13:40:38 [notice] 1#1: using the "epoll" event method
2026/04/22 13:40:38 [notice] 1#1: nginx/1.25.5
2026/04/22 13:40:38 [notice] 1#1: built by gcc 13.2.1 20231014 (Alpine 13.2.1_git20231014) 
2026/04/22 13:40:38 [notice] 1#1: OS: Linux 5.15.0-176-generic
2026/04/22 13:40:38 [notice] 1#1: getrlimit(RLIMIT_NOFILE): 1024:524288
2026/04/22 13:40:38 [notice] 1#1: start worker processes
2026/04/22 13:40:38 [notice] 1#1: start worker process 28
2026/04/22 13:47:13 [notice] 1#1: signal 3 (SIGQUIT) received, shutting down
2026/04/22 13:47:13 [notice] 28#28: gracefully shutting down
2026/04/22 13:47:13 [notice] 28#28: exiting
2026/04/22 13:47:13 [notice] 28#28: exit
2026/04/22 13:47:13 [notice] 1#1: signal 17 (SIGCHLD) received from 28
2026/04/22 13:47:13 [notice] 1#1: worker process 28 exited with code 0
2026/04/22 13:47:13 [notice] 1#1: exit
2026/04/22 13:47:14 [notice] 1#1: using the "epoll" event method
2026/04/22 13:47:14 [notice] 1#1: nginx/1.25.5
2026/04/22 13:47:14 [notice] 1#1: built by gcc 13.2.1 20231014 (Alpine 13.2.1_git20231014) 
2026/04/22 13:47:14 [notice] 1#1: OS: Linux 5.15.0-176-generic
2026/04/22 13:47:14 [notice] 1#1: getrlimit(RLIMIT_NOFILE): 1024:524288
2026/04/22 13:47:14 [notice] 1#1: start worker processes
2026/04/22 13:47:14 [notice] 1#1: start worker process 29
2026/04/22 13:48:14 [notice] 1#1: signal 3 (SIGQUIT) received, shutting down
2026/04/22 13:48:14 [notice] 29#29: gracefully shutting down
2026/04/22 13:48:14 [notice] 29#29: exiting
2026/04/22 13:48:14 [notice] 29#29: exit
2026/04/22 13:48:14 [notice] 1#1: signal 17 (SIGCHLD) received from 29
2026/04/22 13:48:14 [notice] 1#1: worker process 29 exited with code 0
2026/04/22 13:48:14 [notice] 1#1: exit
2026/04/22 13:48:15 [notice] 1#1: using the "epoll" event method
2026/04/22 13:48:15 [notice] 1#1: nginx/1.25.5
2026/04/22 13:48:15 [notice] 1#1: built by gcc 13.2.1 20231014 (Alpine 13.2.1_git20231014) 
2026/04/22 13:48:15 [notice] 1#1: OS: Linux 5.15.0-176-generic
2026/04/22 13:48:15 [notice] 1#1: getrlimit(RLIMIT_NOFILE): 1024:524288
2026/04/22 13:48:15 [notice] 1#1: start worker processes
2026/04/22 13:48:15 [notice] 1#1: start worker process 28
2026/04/22 13:48:43 [notice] 1#1: signal 3 (SIGQUIT) received, shutting down
2026/04/22 13:48:43 [notice] 28#28: gracefully shutting down
2026/04/22 13:48:43 [notice] 28#28: exiting
2026/04/22 13:48:43 [notice] 28#28: exit
2026/04/22 13:48:43 [notice] 1#1: signal 17 (SIGCHLD) received from 28
2026/04/22 13:48:43 [notice] 1#1: worker process 28 exited with code 0
2026/04/22 13:48:43 [notice] 1#1: exit
2026/04/22 13:48:44 [notice] 1#1: using the "epoll" event method
2026/04/22 13:48:44 [notice] 1#1: nginx/1.25.5
2026/04/22 13:48:44 [notice] 1#1: built by gcc 13.2.1 20231014 (Alpine 13.2.1_git20231014) 
2026/04/22 13:48:44 [notice] 1#1: OS: Linux 5.15.0-176-generic
2026/04/22 13:48:44 [notice] 1#1: getrlimit(RLIMIT_NOFILE): 1024:524288
2026/04/22 13:48:44 [notice] 1#1: start worker processes
2026/04/22 13:48:44 [notice] 1#1: start worker process 28
2026/04/22 13:49:23 [notice] 1#1: signal 3 (SIGQUIT) received, shutting down
2026/04/22 13:49:23 [notice] 28#28: gracefully shutting down
2026/04/22 13:49:23 [notice] 28#28: exiting
2026/04/22 13:49:23 [notice] 28#28: exit
2026/04/22 13:49:23 [notice] 1#1: signal 17 (SIGCHLD) received from 28
2026/04/22 13:49:23 [notice] 1#1: worker process 28 exited with code 0
2026/04/22 13:49:23 [notice] 1#1: exit
2026/04/22 13:49:24 [notice] 1#1: using the "epoll" event method
2026/04/22 13:49:24 [notice] 1#1: nginx/1.25.5
2026/04/22 13:49:24 [notice] 1#1: built by gcc 13.2.1 20231014 (Alpine 13.2.1_git20231014) 
2026/04/22 13:49:24 [notice] 1#1: OS: Linux 5.15.0-176-generic
2026/04/22 13:49:24 [notice] 1#1: getrlimit(RLIMIT_NOFILE): 1024:524288
2026/04/22 13:49:24 [notice] 1#1: start worker processes
2026/04/22 13:49:24 [notice] 1#1: start worker process 28
2026/04/22 13:57:47 [notice] 1#1: signal 3 (SIGQUIT) received, shutting down
2026/04/22 13:57:47 [notice] 28#28: gracefully shutting down
2026/04/22 13:57:47 [notice] 28#28: exiting
2026/04/22 13:57:47 [notice] 28#28: exit
2026/04/22 13:57:47 [notice] 1#1: signal 17 (SIGCHLD) received from 28
2026/04/22 13:57:47 [notice] 1#1: worker process 28 exited with code 0
2026/04/22 13:57:47 [notice] 1#1: exit
2026/04/22 13:57:48 [notice] 1#1: using the "epoll" event method
2026/04/22 13:57:48 [notice] 1#1: nginx/1.25.5
2026/04/22 13:57:48 [notice] 1#1: built by gcc 13.2.1 20231014 (Alpine 13.2.1_git20231014) 
2026/04/22 13:57:48 [notice] 1#1: OS: Linux 5.15.0-176-generic
2026/04/22 13:57:48 [notice] 1#1: getrlimit(RLIMIT_NOFILE): 1024:524288
2026/04/22 13:57:48 [notice] 1#1: start worker processes
2026/04/22 13:57:48 [notice] 1#1: start worker process 28
2026/04/22 13:59:47 [notice] 1#1: signal 3 (SIGQUIT) received, shutting down
2026/04/22 13:59:47 [notice] 28#28: gracefully shutting down
2026/04/22 13:59:47 [notice] 28#28: exiting
2026/04/22 13:59:47 [notice] 28#28: exit
2026/04/22 13:59:47 [notice] 1#1: signal 17 (SIGCHLD) received from 28
2026/04/22 13:59:47 [notice] 1#1: worker process 28 exited with code 0
2026/04/22 13:59:47 [notice] 1#1: exit
2026/04/22 13:59:49 [notice] 1#1: using the "epoll" event method
2026/04/22 13:59:49 [notice] 1#1: nginx/1.25.5
2026/04/22 13:59:49 [notice] 1#1: built by gcc 13.2.1 20231014 (Alpine 13.2.1_git20231014) 
2026/04/22 13:59:49 [notice] 1#1: OS: Linux 5.15.0-176-generic
2026/04/22 13:59:49 [notice] 1#1: getrlimit(RLIMIT_NOFILE): 1024:524288
2026/04/22 13:59:49 [notice] 1#1: start worker processes
2026/04/22 13:59:49 [notice] 1#1: start worker process 29
2026/04/22 14:02:48 [notice] 1#1: signal 3 (SIGQUIT) received, shutting down
2026/04/22 14:02:48 [notice] 29#29: gracefully shutting down
2026/04/22 14:02:48 [notice] 29#29: exiting
2026/04/22 14:02:48 [notice] 29#29: exit
2026/04/22 14:02:48 [notice] 1#1: signal 17 (SIGCHLD) received from 29
2026/04/22 14:02:48 [notice] 1#1: worker process 29 exited with code 0
2026/04/22 14:02:48 [notice] 1#1: exit
2026/04/22 14:02:50 [notice] 1#1: using the "epoll" event method
2026/04/22 14:02:50 [notice] 1#1: nginx/1.25.5
2026/04/22 14:02:50 [notice] 1#1: built by gcc 13.2.1 20231014 (Alpine 13.2.1_git20231014) 
2026/04/22 14:02:50 [notice] 1#1: OS: Linux 5.15.0-176-generic
2026/04/22 14:02:50 [notice] 1#1: getrlimit(RLIMIT_NOFILE): 1024:524288
2026/04/22 14:02:50 [notice] 1#1: start worker processes
2026/04/22 14:02:50 [notice] 1#1: start worker process 28
2026/04/22 14:09:16 [notice] 1#1: signal 3 (SIGQUIT) received, shutting down
2026/04/22 14:09:16 [notice] 28#28: gracefully shutting down
2026/04/22 14:09:16 [notice] 28#28: exiting
2026/04/22 14:09:16 [notice] 28#28: exit
2026/04/22 14:09:16 [notice] 1#1: signal 17 (SIGCHLD) received from 28
2026/04/22 14:09:16 [notice] 1#1: worker process 28 exited with code 0
2026/04/22 14:09:16 [notice] 1#1: exit
2026/04/22 14:09:17 [notice] 1#1: using the "epoll" event method
2026/04/22 14:09:17 [notice] 1#1: nginx/1.25.5
2026/04/22 14:09:17 [notice] 1#1: built by gcc 13.2.1 20231014 (Alpine 13.2.1_git20231014) 
2026/04/22 14:09:17 [notice] 1#1: OS: Linux 5.15.0-176-generic
2026/04/22 14:09:17 [notice] 1#1: getrlimit(RLIMIT_NOFILE): 1024:524288
2026/04/22 14:09:17 [notice] 1#1: start worker processes
2026/04/22 14:09:17 [notice] 1#1: start worker process 28
2026/04/22 14:11:09 [notice] 1#1: signal 3 (SIGQUIT) received, shutting down
2026/04/22 14:11:09 [notice] 28#28: gracefully shutting down
2026/04/22 14:11:09 [notice] 28#28: exiting
2026/04/22 14:11:09 [notice] 28#28: exit
2026/04/22 14:11:09 [notice] 1#1: signal 17 (SIGCHLD) received from 28
2026/04/22 14:11:09 [notice] 1#1: worker process 28 exited with code 0
2026/04/22 14:11:09 [notice] 1#1: exit
2026/04/22 14:11:11 [notice] 1#1: using the "epoll" event method
2026/04/22 14:11:11 [notice] 1#1: nginx/1.25.5
2026/04/22 14:11:11 [notice] 1#1: built by gcc 13.2.1 20231014 (Alpine 13.2.1_git20231014) 
2026/04/22 14:11:11 [notice] 1#1: OS: Linux 5.15.0-176-generic
2026/04/22 14:11:11 [notice] 1#1: getrlimit(RLIMIT_NOFILE): 1024:524288
2026/04/22 14:11:11 [notice] 1#1: start worker processes
2026/04/22 14:11:11 [notice] 1#1: start worker process 28
2026/04/22 14:16:11 [notice] 1#1: signal 3 (SIGQUIT) received, shutting down
2026/04/22 14:16:11 [notice] 28#28: gracefully shutting down
2026/04/22 14:16:11 [notice] 28#28: exiting
2026/04/22 14:16:11 [notice] 28#28: exit
2026/04/22 14:16:11 [notice] 1#1: signal 17 (SIGCHLD) received from 28
2026/04/22 14:16:11 [notice] 1#1: worker process 28 exited with code 0
2026/04/22 14:16:11 [notice] 1#1: exit
2026/04/22 14:16:13 [notice] 1#1: using the "epoll" event method
2026/04/22 14:16:13 [notice] 1#1: nginx/1.25.5
2026/04/22 14:16:13 [notice] 1#1: built by gcc 13.2.1 20231014 (Alpine 13.2.1_git20231014) 
2026/04/22 14:16:13 [notice] 1#1: OS: Linux 5.15.0-176-generic
2026/04/22 14:16:13 [notice] 1#1: getrlimit(RLIMIT_NOFILE): 1024:524288
2026/04/22 14:16:13 [notice] 1#1: start worker processes
2026/04/22 14:16:13 [notice] 1#1: start worker process 29
2026/04/22 14:17:20 [notice] 1#1: signal 3 (SIGQUIT) received, shutting down
2026/04/22 14:17:20 [notice] 29#29: gracefully shutting down
2026/04/22 14:17:20 [notice] 29#29: exiting
2026/04/22 14:17:20 [notice] 29#29: exit
2026/04/22 14:17:20 [notice] 1#1: signal 17 (SIGCHLD) received from 29
2026/04/22 14:17:20 [notice] 1#1: worker process 29 exited with code 0
2026/04/22 14:17:20 [notice] 1#1: exit
2026/04/22 14:17:21 [notice] 1#1: using the "epoll" event method
2026/04/22 14:17:21 [notice] 1#1: nginx/1.25.5
2026/04/22 14:17:21 [notice] 1#1: built by gcc 13.2.1 20231014 (Alpine 13.2.1_git20231014) 
2026/04/22 14:17:21 [notice] 1#1: OS: Linux 5.15.0-176-generic
2026/04/22 14:17:21 [notice] 1#1: getrlimit(RLIMIT_NOFILE): 1024:524288
2026/04/22 14:17:21 [notice] 1#1: start worker processes
2026/04/22 14:17:21 [notice] 1#1: start worker process 28
2026/04/22 14:22:24 [notice] 1#1: signal 3 (SIGQUIT) received, shutting down
2026/04/22 14:22:24 [notice] 28#28: gracefully shutting down
2026/04/22 14:22:24 [notice] 28#28: exiting
2026/04/22 14:22:24 [notice] 28#28: exit
2026/04/22 14:22:24 [notice] 1#1: signal 17 (SIGCHLD) received from 28
2026/04/22 14:22:24 [notice] 1#1: worker process 28 exited with code 0
2026/04/22 14:22:24 [notice] 1#1: exit
2026/04/22 14:22:25 [notice] 1#1: using the "epoll" event method
2026/04/22 14:22:25 [notice] 1#1: nginx/1.25.5
2026/04/22 14:22:25 [notice] 1#1: built by gcc 13.2.1 20231014 (Alpine 13.2.1_git20231014) 
2026/04/22 14:22:25 [notice] 1#1: OS: Linux 5.15.0-176-generic
2026/04/22 14:22:25 [notice] 1#1: getrlimit(RLIMIT_NOFILE): 1024:524288
2026/04/22 14:22:25 [notice] 1#1: start worker processes
2026/04/22 14:22:25 [notice] 1#1: start worker process 28
2026/04/22 14:43:02 [notice] 1#1: signal 3 (SIGQUIT) received, shutting down
2026/04/22 14:43:02 [notice] 28#28: gracefully shutting down
2026/04/22 14:43:02 [notice] 28#28: exiting
2026/04/22 14:43:02 [notice] 28#28: exit
2026/04/22 14:43:02 [notice] 1#1: signal 17 (SIGCHLD) received from 28
2026/04/22 14:43:02 [notice] 1#1: worker process 28 exited with code 0
2026/04/22 14:43:02 [notice] 1#1: exit
2026/04/22 14:43:03 [notice] 1#1: using the "epoll" event method
2026/04/22 14:43:03 [notice] 1#1: nginx/1.25.5
2026/04/22 14:43:03 [notice] 1#1: built by gcc 13.2.1 20231014 (Alpine 13.2.1_git20231014) 
2026/04/22 14:43:03 [notice] 1#1: OS: Linux 5.15.0-176-generic
2026/04/22 14:43:03 [notice] 1#1: getrlimit(RLIMIT_NOFILE): 1024:524288
2026/04/22 14:43:03 [notice] 1#1: start worker processes
2026/04/22 14:43:03 [notice] 1#1: start worker process 29
2026/04/22 15:00:02 [notice] 1#1: signal 3 (SIGQUIT) received, shutting down
2026/04/22 15:00:02 [notice] 29#29: gracefully shutting down
2026/04/22 15:00:02 [notice] 29#29: exiting
2026/04/22 15:00:02 [notice] 29#29: exit
2026/04/22 15:00:02 [notice] 1#1: signal 17 (SIGCHLD) received from 29
2026/04/22 15:00:02 [notice] 1#1: worker process 29 exited with code 0
2026/04/22 15:00:02 [notice] 1#1: exit
2026/04/22 15:00:06 [notice] 1#1: using the "epoll" event method
2026/04/22 15:00:06 [notice] 1#1: nginx/1.25.5
2026/04/22 15:00:06 [notice] 1#1: built by gcc 13.2.1 20231014 (Alpine 13.2.1_git20231014) 
2026/04/22 15:00:06 [notice] 1#1: OS: Linux 5.15.0-176-generic
2026/04/22 15:00:06 [notice] 1#1: getrlimit(RLIMIT_NOFILE): 1024:524288
2026/04/22 15:00:06 [notice] 1#1: start worker processes
2026/04/22 15:00:06 [notice] 1#1: start worker process 29
2026/04/22 15:04:30 [notice] 1#1: signal 3 (SIGQUIT) received, shutting down
2026/04/22 15:04:30 [notice] 29#29: gracefully shutting down
2026/04/22 15:04:30 [notice] 29#29: exiting
2026/04/22 15:04:30 [notice] 29#29: exit
2026/04/22 15:04:30 [notice] 1#1: signal 17 (SIGCHLD) received from 29
2026/04/22 15:04:30 [notice] 1#1: worker process 29 exited with code 0
2026/04/22 15:04:30 [notice] 1#1: exit
2026/04/22 15:04:31 [notice] 1#1: using the "epoll" event method
2026/04/22 15:04:31 [notice] 1#1: nginx/1.25.5
2026/04/22 15:04:31 [notice] 1#1: built by gcc 13.2.1 20231014 (Alpine 13.2.1_git20231014) 
2026/04/22 15:04:31 [notice] 1#1: OS: Linux 5.15.0-176-generic
2026/04/22 15:04:31 [notice] 1#1: getrlimit(RLIMIT_NOFILE): 1024:524288
2026/04/22 15:04:31 [notice] 1#1: start worker processes
2026/04/22 15:04:31 [notice] 1#1: start worker process 28
2026/04/22 15:20:54 [notice] 1#1: signal 3 (SIGQUIT) received, shutting down
2026/04/22 15:20:54 [notice] 28#28: gracefully shutting down
2026/04/22 15:20:54 [notice] 28#28: exiting
2026/04/22 15:20:54 [notice] 28#28: exit
2026/04/22 15:20:54 [notice] 1#1: signal 17 (SIGCHLD) received from 28
2026/04/22 15:20:54 [notice] 1#1: worker process 28 exited with code 0
2026/04/22 15:20:54 [notice] 1#1: exit
2026/04/22 15:20:55 [notice] 1#1: using the "epoll" event method
2026/04/22 15:20:55 [notice] 1#1: nginx/1.25.5
2026/04/22 15:20:55 [notice] 1#1: built by gcc 13.2.1 20231014 (Alpine 13.2.1_git20231014) 
2026/04/22 15:20:55 [notice] 1#1: OS: Linux 5.15.0-176-generic
2026/04/22 15:20:55 [notice] 1#1: getrlimit(RLIMIT_NOFILE): 1024:524288
2026/04/22 15:20:55 [notice] 1#1: start worker processes
2026/04/22 15:20:55 [notice] 1#1: start worker process 28
2026/04/22 15:37:18 [notice] 1#1: signal 3 (SIGQUIT) received, shutting down
2026/04/22 15:37:18 [notice] 28#28: gracefully shutting down
2026/04/22 15:37:18 [notice] 28#28: exiting
2026/04/22 15:37:18 [notice] 28#28: exit
2026/04/22 15:37:19 [notice] 1#1: signal 17 (SIGCHLD) received from 28
2026/04/22 15:37:19 [notice] 1#1: worker process 28 exited with code 0
2026/04/22 15:37:19 [notice] 1#1: exit
2026/04/22 15:37:20 [notice] 1#1: using the "epoll" event method
2026/04/22 15:37:20 [notice] 1#1: nginx/1.25.5
2026/04/22 15:37:20 [notice] 1#1: built by gcc 13.2.1 20231014 (Alpine 13.2.1_git20231014) 
2026/04/22 15:37:20 [notice] 1#1: OS: Linux 5.15.0-176-generic
2026/04/22 15:37:20 [notice] 1#1: getrlimit(RLIMIT_NOFILE): 1024:524288
2026/04/22 15:37:20 [notice] 1#1: start worker processes
2026/04/22 15:37:20 [notice] 1#1: start worker process 28
2026/04/22 15:48:59 [notice] 1#1: using the "epoll" event method
2026/04/22 15:48:59 [notice] 1#1: nginx/1.25.5
2026/04/22 15:48:59 [notice] 1#1: built by gcc 13.2.1 20231014 (Alpine 13.2.1_git20231014) 
2026/04/22 15:48:59 [notice] 1#1: OS: Linux 5.15.0-176-generic
2026/04/22 15:48:59 [notice] 1#1: getrlimit(RLIMIT_NOFILE): 1024:524288
2026/04/22 15:48:59 [notice] 1#1: start worker processes
2026/04/22 15:48:59 [notice] 1#1: start worker process 29
2026/04/22 16:50:15 [notice] 1#1: signal 3 (SIGQUIT) received, shutting down
2026/04/22 16:50:15 [notice] 29#29: gracefully shutting down
2026/04/22 16:50:16 [notice] 29#29: exiting
2026/04/22 16:50:16 [notice] 29#29: exit
2026/04/22 16:50:16 [notice] 1#1: signal 17 (SIGCHLD) received from 29
2026/04/22 16:50:16 [notice] 1#1: worker process 29 exited with code 0
2026/04/22 16:50:16 [notice] 1#1: exit
2026/04/22 16:50:17 [notice] 1#1: using the "epoll" event method
2026/04/22 16:50:17 [notice] 1#1: nginx/1.25.5
2026/04/22 16:50:17 [notice] 1#1: built by gcc 13.2.1 20231014 (Alpine 13.2.1_git20231014) 
2026/04/22 16:50:17 [notice] 1#1: OS: Linux 5.15.0-176-generic
2026/04/22 16:50:17 [notice] 1#1: getrlimit(RLIMIT_NOFILE): 1024:524288
2026/04/22 16:50:17 [notice] 1#1: start worker processes
2026/04/22 16:50:17 [notice] 1#1: start worker process 28
2026/04/23 05:41:16 [notice] 1#1: signal 3 (SIGQUIT) received, shutting down
2026/04/23 05:41:16 [notice] 28#28: gracefully shutting down
2026/04/23 05:41:16 [notice] 28#28: exiting
2026/04/23 05:41:16 [notice] 28#28: exit
2026/04/23 05:41:16 [notice] 1#1: signal 17 (SIGCHLD) received from 28
2026/04/23 05:41:16 [notice] 1#1: worker process 28 exited with code 0
2026/04/23 05:41:16 [notice] 1#1: exit
2026/04/23 05:41:19 [notice] 1#1: using the "epoll" event method
2026/04/23 05:41:19 [notice] 1#1: nginx/1.25.5
2026/04/23 05:41:19 [notice] 1#1: built by gcc 13.2.1 20231014 (Alpine 13.2.1_git20231014) 
2026/04/23 05:41:19 [notice] 1#1: OS: Linux 5.15.0-176-generic
2026/04/23 05:41:19 [notice] 1#1: getrlimit(RLIMIT_NOFILE): 1024:524288
2026/04/23 05:41:19 [notice] 1#1: start worker processes
2026/04/23 05:41:19 [notice] 1#1: start worker process 29
2026/04/23 05:45:51 [notice] 1#1: signal 3 (SIGQUIT) received, shutting down
2026/04/23 05:45:51 [notice] 29#29: gracefully shutting down
2026/04/23 05:45:51 [notice] 29#29: exiting
2026/04/23 05:45:51 [notice] 29#29: exit
2026/04/23 05:45:51 [notice] 1#1: signal 17 (SIGCHLD) received from 29
2026/04/23 05:45:51 [notice] 1#1: worker process 29 exited with code 0
2026/04/23 05:45:51 [notice] 1#1: exit
2026/04/23 05:45:53 [notice] 1#1: using the "epoll" event method
2026/04/23 05:45:53 [notice] 1#1: nginx/1.25.5
2026/04/23 05:45:53 [notice] 1#1: built by gcc 13.2.1 20231014 (Alpine 13.2.1_git20231014) 
2026/04/23 05:45:53 [notice] 1#1: OS: Linux 5.15.0-176-generic
2026/04/23 05:45:53 [notice] 1#1: getrlimit(RLIMIT_NOFILE): 1024:524288
2026/04/23 05:45:53 [notice] 1#1: start worker processes
2026/04/23 05:45:53 [notice] 1#1: start worker process 29
2026/04/23 05:47:36 [notice] 1#1: signal 3 (SIGQUIT) received, shutting down
2026/04/23 05:47:36 [notice] 29#29: gracefully shutting down
2026/04/23 05:47:36 [notice] 29#29: exiting
2026/04/23 05:47:36 [notice] 29#29: exit
2026/04/23 05:47:36 [notice] 1#1: signal 17 (SIGCHLD) received from 29
2026/04/23 05:47:36 [notice] 1#1: worker process 29 exited with code 0
2026/04/23 05:47:36 [notice] 1#1: exit
2026/04/23 05:47:38 [notice] 1#1: using the "epoll" event method
2026/04/23 05:47:38 [notice] 1#1: nginx/1.25.5
2026/04/23 05:47:38 [notice] 1#1: built by gcc 13.2.1 20231014 (Alpine 13.2.1_git20231014) 
2026/04/23 05:47:38 [notice] 1#1: OS: Linux 5.15.0-176-generic
2026/04/23 05:47:38 [notice] 1#1: getrlimit(RLIMIT_NOFILE): 1024:524288
2026/04/23 05:47:38 [notice] 1#1: start worker processes
2026/04/23 05:47:38 [notice] 1#1: start worker process 28
2026/04/24 11:14:53 [notice] 1#1: using the "epoll" event method
2026/04/24 11:14:53 [notice] 1#1: nginx/1.25.5
2026/04/24 11:14:53 [notice] 1#1: built by gcc 13.2.1 20231014 (Alpine 13.2.1_git20231014) 
2026/04/24 11:14:53 [notice] 1#1: OS: Linux 5.15.0-176-generic
2026/04/24 11:14:53 [notice] 1#1: getrlimit(RLIMIT_NOFILE): 1024:524288
2026/04/24 11:14:53 [notice] 1#1: start worker processes
2026/04/24 11:14:53 [notice] 1#1: start worker process 29
2026/04/24 12:04:21 [notice] 1#1: signal 3 (SIGQUIT) received, shutting down
2026/04/24 12:04:21 [notice] 29#29: gracefully shutting down
2026/04/24 12:04:21 [notice] 29#29: exiting
2026/04/24 12:04:21 [notice] 29#29: exit
2026/04/24 12:04:22 [notice] 1#1: signal 17 (SIGCHLD) received from 29
2026/04/24 12:04:22 [notice] 1#1: worker process 29 exited with code 0
2026/04/24 12:04:22 [notice] 1#1: exit
2026/04/24 12:04:38 [notice] 1#1: using the "epoll" event method
2026/04/24 12:04:38 [notice] 1#1: nginx/1.25.5
2026/04/24 12:04:38 [notice] 1#1: built by gcc 13.2.1 20231014 (Alpine 13.2.1_git20231014) 
2026/04/24 12:04:38 [notice] 1#1: OS: Linux 5.15.0-176-generic
2026/04/24 12:04:38 [notice] 1#1: getrlimit(RLIMIT_NOFILE): 1024:524288
2026/04/24 12:04:38 [notice] 1#1: start worker processes
2026/04/24 12:04:38 [notice] 1#1: start worker process 29
2026/04/24 20:30:28 [notice] 1#1: signal 3 (SIGQUIT) received, shutting down
2026/04/24 20:30:28 [notice] 29#29: gracefully shutting down
2026/04/24 20:30:28 [notice] 29#29: exiting
2026/04/24 20:30:28 [notice] 29#29: exit
2026/04/24 20:30:29 [notice] 1#1: signal 17 (SIGCHLD) received from 29
2026/04/24 20:30:29 [notice] 1#1: worker process 29 exited with code 0
2026/04/24 20:30:29 [notice] 1#1: exit
2026/04/24 20:31:00 [emerg] 1#1: host not found in upstream "php-fpm" in /etc/nginx/conf.d/default.conf:69
2026/04/24 20:31:12 [notice] 1#1: using the "epoll" event method
2026/04/24 20:31:12 [notice] 1#1: nginx/1.25.5
2026/04/24 20:31:12 [notice] 1#1: built by gcc 13.2.1 20231014 (Alpine 13.2.1_git20231014) 
2026/04/24 20:31:12 [notice] 1#1: OS: Linux 5.15.0-176-generic
2026/04/24 20:31:12 [notice] 1#1: getrlimit(RLIMIT_NOFILE): 1024:524288
2026/04/24 20:31:12 [notice] 1#1: start worker processes
2026/04/24 20:31:12 [notice] 1#1: start worker process 29
2026/04/24 20:32:02 [notice] 1#1: using the "epoll" event method
2026/04/24 20:32:02 [notice] 1#1: nginx/1.25.5
2026/04/24 20:32:02 [notice] 1#1: built by gcc 13.2.1 20231014 (Alpine 13.2.1_git20231014) 
2026/04/24 20:32:02 [notice] 1#1: OS: Linux 5.15.0-176-generic
2026/04/24 20:32:02 [notice] 1#1: getrlimit(RLIMIT_NOFILE): 1024:524288
2026/04/24 20:32:02 [notice] 1#1: start worker processes
2026/04/24 20:32:02 [notice] 1#1: start worker process 29
2026/04/24 20:32:19 [notice] 1#1: using the "epoll" event method
2026/04/24 20:32:19 [notice] 1#1: nginx/1.25.5
2026/04/24 20:32:19 [notice] 1#1: built by gcc 13.2.1 20231014 (Alpine 13.2.1_git20231014) 
2026/04/24 20:32:19 [notice] 1#1: OS: Linux 5.15.0-176-generic
2026/04/24 20:32:19 [notice] 1#1: getrlimit(RLIMIT_NOFILE): 1024:524288
2026/04/24 20:32:19 [notice] 1#1: start worker processes
2026/04/24 20:32:19 [notice] 1#1: start worker process 29
2026/04/24 20:32:29 [notice] 1#1: signal 3 (SIGQUIT) received, shutting down
2026/04/24 20:32:29 [notice] 29#29: gracefully shutting down
2026/04/24 20:32:29 [notice] 29#29: exiting
2026/04/24 20:32:29 [notice] 29#29: exit
2026/04/24 20:32:29 [notice] 1#1: signal 17 (SIGCHLD) received from 29
2026/04/24 20:32:29 [notice] 1#1: worker process 29 exited with code 0
2026/04/24 20:32:29 [notice] 1#1: exit
